app/build/intermediates/manifest_merge_blame_file/debug/manifest-merger-blame-debug-report.txt
1<?xml version="1.0" encoding="utf-8"?>
2<manifest xmlns:android="http://schemas.android.com/apk/res/android"
3    package="com.ngamolsky.android.materialme"
4    android:versionCode="1"
5    android:versionName="1.0" >
6
7    <uses-sdk
8        android:minSdkVersion="15"
8-->src\main\AndroidManifest.xml
9        android:targetSdkVersion="26" />
9-->src\main\AndroidManifest.xml
10
11    <application
11-->src\main\AndroidManifest.xml:6:5-20:19
12        android:allowBackup="true"
12-->src\main\AndroidManifest.xml:7:9-35
13        android:debuggable="true"
14        android:icon="@mipmap/ic_launcher"
14-->src\main\AndroidManifest.xml:8:9-43
15        android:label="@string/app_name"
15-->src\main\AndroidManifest.xml:9:9-41
16        android:supportsRtl="true"
16-->src\main\AndroidManifest.xml:10:9-35
17        android:testOnly="true"
18        android:theme="@style/AppTheme" >
18-->src\main\AndroidManifest.xml:11:9-40
19        <activity android:name="com.example.android.materialme.MainActivity" >
19-->src\main\AndroidManifest.xml:12:9-18:20
19-->src\main\AndroidManifest.xml:12:19-47
20            <intent-filter>
20-->src\main\AndroidManifest.xml:13:13-17:29
21                <action android:name="android.intent.action.MAIN" />
21-->src\main\AndroidManifest.xml:14:17-69
21-->src\main\AndroidManifest.xml:14:25-66
22
23                <category android:name="android.intent.category.LAUNCHER" />
23-->src\main\AndroidManifest.xml:16:17-77
23-->src\main\AndroidManifest.xml:16:27-74
24            </intent-filter>
25        </activity>
26        <activity android:name="com.example.android.materialme.DetailActivity" />
26-->src\main\AndroidManifest.xml:19:9-61
26-->src\main\AndroidManifest.xml:19:19-49
27
28        <meta-data
28-->[com.android.support:design:26.1.0] AndroidManifest.xml:26:9-28:38
29            android:name="android.support.VERSION"
29-->[com.android.support:design:26.1.0] AndroidManifest.xml:27:13-51
30            android:value="26.1.0" />
30-->[com.android.support:design:26.1.0] AndroidManifest.xml:28:13-35
31        <meta-data
31-->[android.arch.lifecycle:runtime:1.0.0] AndroidManifest.xml:25:9-27:47
32            android:name="android.arch.lifecycle.VERSION"
32-->[android.arch.lifecycle:runtime:1.0.0] AndroidManifest.xml:26:13-58
33            android:value="27.0.0-SNAPSHOT" />
33-->[android.arch.lifecycle:runtime:1.0.0] AndroidManifest.xml:27:13-44
34    </application>
35
36</manifest>